[02:01:30] [main/INFO]: Setting user: Player930
[02:01:31] [Client thread/INFO]: LWJGL Version: 2.9.1
[02:01:34] [Client thread/INFO]: Reloading ResourceManager: Default, FMLFileResourcePack:Forge Mod Loader, FMLFileResourcePack:Minecraft Forge, FMLFileResourcePack:The Sandstorm Mod
[02:01:35] [Sound Library Loader/INFO]: Sound engine started
[02:01:36] [Client thread/INFO]: Created: 512x256 textures/blocks-atlas
[02:01:36] [Client thread/INFO]: Created: 256x256 textures/items-atlas
[02:01:36] [Client thread/INFO]: Reloading ResourceManager: Default, FMLFileResourcePack:Forge Mod Loader, FMLFileResourcePack:Minecraft Forge, FMLFileResourcePack:The Sandstorm Mod
[02:01:36] [Client thread/INFO]: Created: 512x256 textures/blocks-atlas
[02:01:36] [Client thread/INFO]: Created: 256x256 textures/items-atlas
[02:01:37] [Sound Library Loader/INFO]: Sound engine started
[02:01:40] [Server thread/INFO]: Starting integrated minecraft server version 1.7.10
[02:01:40] [Server thread/INFO]: Generating keypair
[02:01:40] [Server thread/INFO]: Preparing start region for level 0
[02:01:41] [Server thread/INFO]: Changing view distance to 12, from 10
[02:01:41] [Server thread/INFO]: Player930[local:E:082a6d5a] logged in with entity id 424 at (274.3948202497594, 64.0, -192.25824464265284)
[02:01:41] [Server thread/INFO]: Player930 joined the game
[02:01:45] [Server thread/INFO]: Player930 has just earned the achievement [Taking Inventory]
[02:01:45] [Client thread/INFO]: [CHAT] Player930 has just earned the achievement [Taking Inventory]
[02:01:53] [Server thread/INFO]: Saving and pausing game...
[02:01:53] [Server thread/INFO]: Saving chunks for level 'New World'/Overworld
[02:01:53] [Server thread/INFO]: Saving chunks for level 'New World'/Nether
[02:01:53] [Server thread/INFO]: Saving chunks for level 'New World'/The End
[02:01:54] [Server thread/INFO]: Stopping server
[02:01:54] [Server thread/INFO]: Saving players
[02:01:54] [Server thread/INFO]: Saving worlds
[02:01:54] [Server thread/INFO]: Saving chunks for level 'New World'/Overworld
[02:01:54] [Server thread/INFO]: Saving chunks for level 'New World'/Nether
[02:01:54] [Server thread/INFO]: Saving chunks for level 'New World'/The End
[02:01:55] [Client thread/INFO]: Stopping!
